<?xml version="1.0" encoding="UTF-8"?>
<!-- Generated by org.testng.reporters.JUnitXMLReporter -->
<testsuite ignored="9" hostname="Abhinandan-Banerjee" failures="0" tests="0" time="0.002" errors="0" timestamp="18 Aug 2021 13:59:50 GMT">
  <testcase classname="cs.qa.te.tests.SupplyPageTest" name="getSupplierDealPopUpLogInfoTest" time="0.0">
    <ignored/>
  </testcase> <!-- getSupplierDealPopUpLogInfoTest -->
  <testcase classname="cs.qa.te.tests.SupplyPageTest" name="dealPopUpFreightTest" time="0.0">
    <ignored/>
  </testcase> <!-- dealPopUpFreightTest -->
  <testcase classname="cs.qa.te.tests.SupplyPageTest" name="navigateToContratctTest" time="0.0">
    <ignored/>
  </testcase> <!-- navigateToContratctTest -->
  <testcase classname="cs.qa.te.tests.SupplyPageTest" name="importerNavigateLogTest" time="0.0">
    <ignored/>
  </testcase> <!-- importerNavigateLogTest -->
  <testcase classname="cs.qa.te.tests.SupplyPageTest" name="createSupplyOfferTest" time="0.0">
    <ignored/>
  </testcase> <!-- createSupplyOfferTest -->
  <testcase classname="cs.qa.te.tests.SupplyPageTest" name="navigateNegotiationsDealPopupTest" time="0.0">
    <ignored/>
  </testcase> <!-- navigateNegotiationsDealPopupTest -->
  <testcase classname="cs.qa.te.tests.SupplyPageTest" name="importerBidForSupplyOffer" time="0.0">
    <ignored/>
  </testcase> <!-- importerBidForSupplyOffer -->
  <testcase classname="cs.qa.te.tests.SupplyPageTest" name="importerNavigateContractTest" time="0.0">
    <ignored/>
  </testcase> <!-- importerNavigateContractTest -->
  <testcase classname="cs.qa.te.tests.SupplyPageTest" name="supplierAcceptImporterBidOffer" time="0.0">
    <ignored/>
  </testcase> <!-- supplierAcceptImporterBidOffer -->
</testsuite>
