<?xml version="1.0" encoding="UTF-8"?>
<!-- Generated by org.testng.reporters.JUnitXMLReporter -->
<testsuite ignored="10" hostname="Abhinandan-Banerjee" failures="0" tests="0" time="0.002" errors="0" timestamp="18 Aug 2021 14:39:33 GMT">
  <testcase classname="cs.qa.te.tests.LoginPageTest" name="loginPageLogoTest" time="0.0">
    <ignored/>
  </testcase> <!-- loginPageLogoTest -->
  <testcase classname="cs.qa.te.tests.LoginPageTest" name="forgotPWDLinkTest" time="0.0">
    <ignored/>
  </testcase> <!-- forgotPWDLinkTest -->
  <testcase classname="cs.qa.te.tests.LoginPageTest" name="loginPageTitleTest" time="0.0">
    <ignored/>
  </testcase> <!-- loginPageTitleTest -->
  <testcase classname="cs.qa.te.tests.LoginPageTest" name="clickOnResourceListOptionsTest" time="0.0">
    <ignored/>
  </testcase> <!-- clickOnResourceListOptionsTest -->
  <testcase classname="cs.qa.te.tests.LoginPageTest" name="userNameTextTest" time="0.0">
    <ignored/>
  </testcase> <!-- userNameTextTest -->
  <testcase classname="cs.qa.te.tests.LoginPageTest" name="loginPageLinkListTest" time="0.0">
    <ignored/>
  </testcase> <!-- loginPageLinkListTest -->
  <testcase classname="cs.qa.te.tests.LoginPageTest" name="loginPageTextTest" time="0.0">
    <ignored/>
  </testcase> <!-- loginPageTextTest -->
  <testcase classname="cs.qa.te.tests.LoginPageTest" name="resourceOptionsListTest" time="0.0">
    <ignored/>
  </testcase> <!-- resourceOptionsListTest -->
  <testcase classname="cs.qa.te.tests.LoginPageTest" name="passwordTextTest" time="0.0">
    <ignored/>
  </testcase> <!-- passwordTextTest -->
  <testcase classname="cs.qa.te.tests.LoginPageTest" name="changeLanguageTest" time="0.0">
    <ignored/>
  </testcase> <!-- changeLanguageTest -->
</testsuite>
