<?xml version="1.0" encoding="UTF-8"?>
<!-- Generated by org.testng.reporters.JUnitXMLReporter -->
<testsuite ignored="20" hostname="DESKTOP-O9M6KMN" failures="0" tests="1" name="Importer bid on newly created Supply offer" time="83.233" errors="0" timestamp="15 Nov 2021 17:46:01 GMT">
  <testcase classname="cs.qa.te.tests.SupplyPageTest" name="createSupplyOfferTest" time="59.779"/>
  <testcase classname="cs.qa.te.tests.SupplyPageTest" name="ForwarderNavigateDealPopUpFreightTest" time="0.0">
    <ignored/>
  </testcase> <!-- ForwarderNavigateDealPopUpFreightTest -->
  <testcase classname="cs.qa.te.tests.SupplyPageTest" name="validateAfterImporterContractSignFromSupplierTest" time="0.0">
    <ignored/>
  </testcase> <!-- validateAfterImporterContractSignFromSupplierTest -->
  <testcase classname="cs.qa.te.tests.SupplyPageTest" name="validateSupplierDealPopUpAndImporterDealPopUpLogInfoTest" time="0.0">
    <ignored/>
  </testcase> <!-- validateSupplierDealPopUpAndImporterDealPopUpLogInfoTest -->
  <testcase classname="cs.qa.te.tests.SupplyPageTest" name="validateImporterAndSupplierLogTest" time="0.0">
    <ignored/>
  </testcase> <!-- validateImporterAndSupplierLogTest -->
  <testcase classname="cs.qa.te.tests.SupplyPageTest" name="validateForwarderAndSupplierDealPopUpContractsTest" time="0.0">
    <ignored/>
  </testcase> <!-- validateForwarderAndSupplierDealPopUpContractsTest -->
  <testcase classname="cs.qa.te.tests.SupplyPageTest" name="validateSupplierDealPopUpAndImporterDealPopUpProcessInfoTest" time="0.0">
    <ignored/>
  </testcase> <!-- validateSupplierDealPopUpAndImporterDealPopUpProcessInfoTest -->
  <testcase classname="cs.qa.te.tests.SupplyPageTest" name="validateActiveDealsContractForwarderTabBetweenSupplierAndForwarderTest" time="0.0">
    <ignored/>
  </testcase> <!-- validateActiveDealsContractForwarderTabBetweenSupplierAndForwarderTest -->
  <testcase classname="cs.qa.te.tests.SupplyPageTest" name="validateForwarderAndSupplierDealPopUpProcessTest" time="0.0">
    <ignored/>
  </testcase> <!-- validateForwarderAndSupplierDealPopUpProcessTest -->
  <testcase classname="cs.qa.te.tests.SupplyPageTest" name="validateSupplierSignFromForwarderTest" time="0.0">
    <ignored/>
  </testcase> <!-- validateSupplierSignFromForwarderTest -->
  <testcase classname="cs.qa.te.tests.SupplyPageTest" name="validateActiveDealsProcessBetweenSupplierAndImporterTest" time="0.0">
    <ignored/>
  </testcase> <!-- validateActiveDealsProcessBetweenSupplierAndImporterTest -->
  <testcase classname="cs.qa.te.tests.SupplyPageTest" name="validateActiveDealsLogBetweenSupplierAndImporterTest" time="0.0">
    <ignored/>
  </testcase> <!-- validateActiveDealsLogBetweenSupplierAndImporterTest -->
  <testcase classname="cs.qa.te.tests.SupplyPageTest" name="validateActiveDealsContractPurchaseOrderAndProformaBetweenSupplierAndImporterTest" time="0.0">
    <ignored/>
  </testcase> <!-- validateActiveDealsContractPurchaseOrderAndProformaBetweenSupplierAndImporterTest -->
  <testcase classname="cs.qa.te.tests.SupplyPageTest" name="supplierAcceptImporterBidOffer" time="0.0">
    <ignored/>
  </testcase> <!-- supplierAcceptImporterBidOffer -->
  <testcase classname="cs.qa.te.tests.SupplyPageTest" name="validateSupplierDealPopUpAndImporterDealPopupContractInfoTest" time="0.0">
    <ignored/>
  </testcase> <!-- validateSupplierDealPopUpAndImporterDealPopupContractInfoTest -->
  <testcase classname="cs.qa.te.tests.SupplyPageTest" name="validateActiveDealsContractInvoiceBetweenSupplierAndImporterTest" time="0.0">
    <ignored/>
  </testcase> <!-- validateActiveDealsContractInvoiceBetweenSupplierAndImporterTest -->
  <testcase classname="cs.qa.te.tests.SupplyPageTest" name="moveToActiveDeals" time="0.0">
    <ignored/>
  </testcase> <!-- moveToActiveDeals -->
  <testcase classname="cs.qa.te.tests.SupplyPageTest" name="validateForwarderAndSupplierLogTest" time="0.0">
    <ignored/>
  </testcase> <!-- validateForwarderAndSupplierLogTest -->
  <testcase classname="cs.qa.te.tests.SupplyPageTest" name="validateImporterAndSupplierProcessTest" time="0.0">
    <ignored/>
  </testcase> <!-- validateImporterAndSupplierProcessTest -->
  <testcase classname="cs.qa.te.tests.SupplyPageTest" name="importerBidForSupplyOffer" time="0.0">
    <ignored/>
  </testcase> <!-- importerBidForSupplyOffer -->
  <testcase classname="cs.qa.te.tests.SupplyPageTest" name="validateActiveDealsProcessForwarderTabBetweenSupplierAndForwarderTest" time="0.0">
    <ignored/>
  </testcase> <!-- validateActiveDealsProcessForwarderTabBetweenSupplierAndForwarderTest -->
</testsuite> <!-- Importer bid on newly created Supply offer -->
