<?xml version="1.0" encoding="UTF-8"?>
<!-- Generated by org.testng.reporters.JUnitXMLReporter -->
<testsuite ignored="0" hostname="DESKTOP-O9M6KMN" failures="0" tests="5" name="Demand Page Test" time="410.415" errors="0" timestamp="06 Oct 2022 13:05:34 GMT">
  <testcase classname="cs.qa.te.tests.DemandPageTest" name="createDemandOfferTest" time="86.761"/>
  <testcase classname="cs.qa.te.tests.DemandPageTest" name="supplierBidForDemandOffer" time="62.731"/>
  <testcase classname="cs.qa.te.tests.DemandPageTest" name="importerGetSupplierDemandOfferAndRejectVolumeAndPrice" time="88.323"/>
  <testcase classname="cs.qa.te.tests.DemandPageTest" name="supplierGetImporterCounterOfferAndAcceptVolumeAndPrice" time="72.894"/>
  <testcase classname="cs.qa.te.tests.DemandPageTest" name="importerApproveAndProceed" time="71.3"/>
</testsuite> <!-- Demand Page Test -->
