<?xml version="1.0" encoding="UTF-8"?>
<!-- Generated by org.testng.reporters.JUnitXMLReporter -->
<testsuite ignored="8" hostname="Abhinandan-Banerjee" failures="2" tests="2" name="LoginPage Test1" time="0.098" errors="0" timestamp="20 Jul 2021 10:58:38 GMT">
  <testcase classname="cs.qa.te.tests.LoginPageTest" name="resourceOptionsListTest" time="0.015">
    <failure type="java.lang.NullPointerException" message="Cannot invoke &amp;quot;cs.qa.te.pages.LoginPage.resourceOptionsList()&amp;quot; because &amp;quot;this.loginPage&amp;quot; is null">
      <![CDATA[java.lang.NullPointerException: Cannot invoke "cs.qa.te.pages.LoginPage.resourceOptionsList()" because "this.loginPage" is null
at cs.qa.te.tests.LoginPageTest.resourceOptionsListTest(LoginPageTest.java:107)
... Removed 25 stack frames]]>
    </failure>
  </testcase> <!-- resourceOptionsListTest -->
  <testcase classname="cs.qa.te.tests.LoginPageTest" name="clickOnResourceListOptionsTest" time="0.006">
    <failure type="java.lang.NullPointerException" message="Cannot invoke &amp;quot;cs.qa.te.pages.LoginPage.clickOnResourceListOptions()&amp;quot; because &amp;quot;this.loginPage&amp;quot; is null">
      <![CDATA[java.lang.NullPointerException: Cannot invoke "cs.qa.te.pages.LoginPage.clickOnResourceListOptions()" because "this.loginPage" is null
at cs.qa.te.tests.LoginPageTest.clickOnResourceListOptionsTest(LoginPageTest.java:126)
... Removed 25 stack frames]]>
    </failure>
  </testcase> <!-- clickOnResourceListOptionsTest -->
  <testcase classname="cs.qa.te.tests.LoginPageTest" name="loginPageLogoTest" time="0.0">
    <ignored/>
  </testcase> <!-- loginPageLogoTest -->
  <testcase classname="cs.qa.te.tests.LoginPageTest" name="forgotPWDLinkTest" time="0.0">
    <ignored/>
  </testcase> <!-- forgotPWDLinkTest -->
  <testcase classname="cs.qa.te.tests.LoginPageTest" name="loginPageTitleTest" time="0.0">
    <ignored/>
  </testcase> <!-- loginPageTitleTest -->
  <testcase classname="cs.qa.te.tests.LoginPageTest" name="userNameTextTest" time="0.0">
    <ignored/>
  </testcase> <!-- userNameTextTest -->
  <testcase classname="cs.qa.te.tests.LoginPageTest" name="loginPageLinkListTest" time="0.0">
    <ignored/>
  </testcase> <!-- loginPageLinkListTest -->
  <testcase classname="cs.qa.te.tests.LoginPageTest" name="loginPageTextTest" time="0.0">
    <ignored/>
  </testcase> <!-- loginPageTextTest -->
  <testcase classname="cs.qa.te.tests.LoginPageTest" name="passwordTextTest" time="0.0">
    <ignored/>
  </testcase> <!-- passwordTextTest -->
  <testcase classname="cs.qa.te.tests.LoginPageTest" name="changeLanguageTest" time="0.0">
    <ignored/>
  </testcase> <!-- changeLanguageTest -->
</testsuite> <!-- LoginPage Test1 -->
