<?xml version="1.0" encoding="UTF-8"?>
<!-- Generated by org.testng.reporters.JUnitXMLReporter -->
<testsuite ignored="4" hostname="Abhinandan-Banerjee" failures="8" tests="8" name="RegistrationPage Test1" time="0.078" errors="0" timestamp="20 Jul 2021 10:14:24 GMT">
  <testcase classname="cs.qa.te.tests.RegistrationPageTest" name="changeLanguageTest" time="0.007">
    <failure type="java.lang.NullPointerException" message="Cannot invoke &amp;quot;cs.qa.te.pages.LoginPage.changeLanguage()&amp;quot; because &amp;quot;this.loginPage&amp;quot; is null">
      <![CDATA[java.lang.NullPointerException: Cannot invoke "cs.qa.te.pages.LoginPage.changeLanguage()" because "this.loginPage" is null
at cs.qa.te.tests.RegistrationPageTest.changeLanguageTest(RegistrationPageTest.java:29)
... Removed 25 stack frames]]>
    </failure>
  </testcase> <!-- changeLanguageTest -->
  <testcase classname="cs.qa.te.tests.RegistrationPageTest" name="registerHighlightedTitleTextTest" time="0.011">
    <failure type="java.lang.NullPointerException" message="Cannot invoke &amp;quot;cs.qa.te.pages.RegistrationPage.registerHighlightedTitleText()&amp;quot; because &amp;quot;this.registrationPage&amp;quot; is null">
      <![CDATA[java.lang.NullPointerException: Cannot invoke "cs.qa.te.pages.RegistrationPage.registerHighlightedTitleText()" because "this.registrationPage" is null
at cs.qa.te.tests.RegistrationPageTest.registerHighlightedTitleTextTest(RegistrationPageTest.java:34)
... Removed 25 stack frames]]>
    </failure>
  </testcase> <!-- registerHighlightedTitleTextTest -->
  <testcase classname="cs.qa.te.tests.RegistrationPageTest" name="getRegistrationFieldstextTest" time="0.005">
    <failure type="java.lang.NullPointerException" message="Cannot invoke &amp;quot;cs.qa.te.pages.RegistrationPage.getRegisBusinessDropDownFieldstext()&amp;quot; because &amp;quot;this.registrationPage&amp;quot; is null">
      <![CDATA[java.lang.NullPointerException: Cannot invoke "cs.qa.te.pages.RegistrationPage.getRegisBusinessDropDownFieldstext()" because "this.registrationPage" is null
at cs.qa.te.tests.RegistrationPageTest.getRegistrationFieldstextTest(RegistrationPageTest.java:45)
... Removed 25 stack frames]]>
    </failure>
  </testcase> <!-- getRegistrationFieldstextTest -->
  <testcase classname="cs.qa.te.tests.RegistrationPageTest" name="placeholderTextTest" time="0.001">
    <failure type="java.lang.NullPointerException" message="Cannot invoke &amp;quot;cs.qa.te.pages.RegistrationPage.getPlaceholderTextBoxName()&amp;quot; because &amp;quot;this.registrationPage&amp;quot; is null">
      <![CDATA[java.lang.NullPointerException: Cannot invoke "cs.qa.te.pages.RegistrationPage.getPlaceholderTextBoxName()" because "this.registrationPage" is null
at cs.qa.te.tests.RegistrationPageTest.placeholderTextTest(RegistrationPageTest.java:58)
... Removed 25 stack frames]]>
    </failure>
  </testcase> <!-- placeholderTextTest -->
  <testcase classname="cs.qa.te.tests.RegistrationPageTest" name="getDropFileTextTest" time="0.002">
    <failure type="java.lang.NullPointerException" message="Cannot invoke &amp;quot;cs.qa.te.pages.RegistrationPage.getDropFileText()&amp;quot; because &amp;quot;this.registrationPage&amp;quot; is null">
      <![CDATA[java.lang.NullPointerException: Cannot invoke "cs.qa.te.pages.RegistrationPage.getDropFileText()" because "this.registrationPage" is null
at cs.qa.te.tests.RegistrationPageTest.getDropFileTextTest(RegistrationPageTest.java:69)
... Removed 25 stack frames]]>
    </failure>
  </testcase> <!-- getDropFileTextTest -->
  <testcase classname="cs.qa.te.tests.RegistrationPageTest" name="getPolicyCheckboxTextTest" time="0.001">
    <failure type="java.lang.NullPointerException" message="Cannot invoke &amp;quot;cs.qa.te.pages.RegistrationPage.policyCheckboxText()&amp;quot; because &amp;quot;this.registrationPage&amp;quot; is null">
      <![CDATA[java.lang.NullPointerException: Cannot invoke "cs.qa.te.pages.RegistrationPage.policyCheckboxText()" because "this.registrationPage" is null
at cs.qa.te.tests.RegistrationPageTest.getPolicyCheckboxTextTest(RegistrationPageTest.java:80)
... Removed 25 stack frames]]>
    </failure>
  </testcase> <!-- getPolicyCheckboxTextTest -->
  <testcase classname="cs.qa.te.tests.RegistrationPageTest" name="getSubmitTextTest" time="0.001">
    <failure type="java.lang.NullPointerException" message="Cannot invoke &amp;quot;cs.qa.te.pages.RegistrationPage.getSubmitText()&amp;quot; because &amp;quot;this.registrationPage&amp;quot; is null">
      <![CDATA[java.lang.NullPointerException: Cannot invoke "cs.qa.te.pages.RegistrationPage.getSubmitText()" because "this.registrationPage" is null
at cs.qa.te.tests.RegistrationPageTest.getSubmitTextTest(RegistrationPageTest.java:90)
... Removed 25 stack frames]]>
    </failure>
  </testcase> <!-- getSubmitTextTest -->
  <testcase classname="cs.qa.te.tests.RegistrationPageTest" name="getSubscribeNewsLetterTextTest" time="0.001">
    <failure type="java.lang.NullPointerException" message="Cannot invoke &amp;quot;cs.qa.te.pages.RegistrationPage.subscribeNewsLetterText()&amp;quot; because &amp;quot;this.registrationPage&amp;quot; is null">
      <![CDATA[java.lang.NullPointerException: Cannot invoke "cs.qa.te.pages.RegistrationPage.subscribeNewsLetterText()" because "this.registrationPage" is null
at cs.qa.te.tests.RegistrationPageTest.getSubscribeNewsLetterTextTest(RegistrationPageTest.java:98)
... Removed 25 stack frames]]>
    </failure>
  </testcase> <!-- getSubscribeNewsLetterTextTest -->
  <testcase classname="cs.qa.te.tests.RegistrationPageTest" name="selectPositionTest" time="0.0">
    <ignored/>
  </testcase> <!-- selectPositionTest -->
  <testcase classname="cs.qa.te.tests.RegistrationPageTest" name="clickToUploadFileTest" time="0.0">
    <ignored/>
  </testcase> <!-- clickToUploadFileTest -->
  <testcase classname="cs.qa.te.tests.RegistrationPageTest" name="submitTest" time="0.0">
    <ignored/>
  </testcase> <!-- submitTest -->
  <testcase classname="cs.qa.te.tests.RegistrationPageTest" name="fillRegistrationDataTest" time="0.0">
    <ignored/>
  </testcase> <!-- fillRegistrationDataTest -->
</testsuite> <!-- RegistrationPage Test1 -->
