<?xml version="1.0" encoding="UTF-8"?>
<!-- Generated by org.testng.reporters.JUnitXMLReporter -->
<testsuite ignored="12" hostname="Abhinandan-Banerjee" failures="0" tests="0" time="0.001" errors="0" timestamp="20 Jul 2021 10:14:24 GMT">
  <testcase classname="cs.qa.te.tests.RegistrationPageTest" name="selectPositionTest" time="0.0">
    <ignored/>
  </testcase> <!-- selectPositionTest -->
  <testcase classname="cs.qa.te.tests.RegistrationPageTest" name="clickToUploadFileTest" time="0.0">
    <ignored/>
  </testcase> <!-- clickToUploadFileTest -->
  <testcase classname="cs.qa.te.tests.RegistrationPageTest" name="submitTest" time="0.0">
    <ignored/>
  </testcase> <!-- submitTest -->
  <testcase classname="cs.qa.te.tests.RegistrationPageTest" name="getSubscribeNewsLetterTextTest" time="0.0">
    <ignored/>
  </testcase> <!-- getSubscribeNewsLetterTextTest -->
  <testcase classname="cs.qa.te.tests.RegistrationPageTest" name="getRegistrationFieldstextTest" time="0.0">
    <ignored/>
  </testcase> <!-- getRegistrationFieldstextTest -->
  <testcase classname="cs.qa.te.tests.RegistrationPageTest" name="placeholderTextTest" time="0.0">
    <ignored/>
  </testcase> <!-- placeholderTextTest -->
  <testcase classname="cs.qa.te.tests.RegistrationPageTest" name="getDropFileTextTest" time="0.0">
    <ignored/>
  </testcase> <!-- getDropFileTextTest -->
  <testcase classname="cs.qa.te.tests.RegistrationPageTest" name="changeLanguageTest" time="0.0">
    <ignored/>
  </testcase> <!-- changeLanguageTest -->
  <testcase classname="cs.qa.te.tests.RegistrationPageTest" name="getSubmitTextTest" time="0.0">
    <ignored/>
  </testcase> <!-- getSubmitTextTest -->
  <testcase classname="cs.qa.te.tests.RegistrationPageTest" name="getPolicyCheckboxTextTest" time="0.0">
    <ignored/>
  </testcase> <!-- getPolicyCheckboxTextTest -->
  <testcase classname="cs.qa.te.tests.RegistrationPageTest" name="registerHighlightedTitleTextTest" time="0.0">
    <ignored/>
  </testcase> <!-- registerHighlightedTitleTextTest -->
  <testcase classname="cs.qa.te.tests.RegistrationPageTest" name="fillRegistrationDataTest" time="0.0">
    <ignored/>
  </testcase> <!-- fillRegistrationDataTest -->
</testsuite>
