<?xml version="1.0" encoding="UTF-8"?>
<!-- Generated by org.testng.reporters.JUnitXMLReporter -->
<testsuite ignored="4" hostname="Abhinandan-Banerjee" failures="0" tests="8" name="regisPage Test1" time="50.12" errors="0" timestamp="20 Jul 2021 10:59:28 GMT">
  <testcase classname="cs.qa.te.tests.RegistrationPageTest" name="changeLanguageTest" time="3.569"/>
  <testcase classname="cs.qa.te.tests.RegistrationPageTest" name="registerHighlightedTitleTextTest" time="0.637"/>
  <testcase classname="cs.qa.te.tests.RegistrationPageTest" name="getRegistrationFieldstextTest" time="0.616"/>
  <testcase classname="cs.qa.te.tests.RegistrationPageTest" name="placeholderTextTest" time="0.212"/>
  <testcase classname="cs.qa.te.tests.RegistrationPageTest" name="getDropFileTextTest" time="0.095"/>
  <testcase classname="cs.qa.te.tests.RegistrationPageTest" name="getPolicyCheckboxTextTest" time="0.129"/>
  <testcase classname="cs.qa.te.tests.RegistrationPageTest" name="getSubmitTextTest" time="0.041"/>
  <testcase classname="cs.qa.te.tests.RegistrationPageTest" name="getSubscribeNewsLetterTextTest" time="0.075"/>
  <testcase classname="cs.qa.te.tests.RegistrationPageTest" name="selectPositionTest" time="0.0">
    <ignored/>
  </testcase> <!-- selectPositionTest -->
  <testcase classname="cs.qa.te.tests.RegistrationPageTest" name="clickToUploadFileTest" time="0.0">
    <ignored/>
  </testcase> <!-- clickToUploadFileTest -->
  <testcase classname="cs.qa.te.tests.RegistrationPageTest" name="submitTest" time="0.0">
    <ignored/>
  </testcase> <!-- submitTest -->
  <testcase classname="cs.qa.te.tests.RegistrationPageTest" name="fillRegistrationDataTest" time="0.0">
    <ignored/>
  </testcase> <!-- fillRegistrationDataTest -->
</testsuite> <!-- regisPage Test1 -->
