<?xml version="1.0" encoding="UTF-8"?>
<!-- Generated by org.testng.reporters.JUnitXMLReporter -->
<testsuite ignored="0" hostname="DESKTOP-O9M6KMN" failures="0" tests="4" name="Validate Forwarder &gt; Network &gt; Importer Test1" time="505.026" errors="0" timestamp="26 May 2022 12:27:20 GMT">
  <testcase classname="cs.qa.te.tests.NetworkForwarderToImporterPageTest" name="validateForwarderNetworkImporterProfile" time="52.916"/>
  <testcase classname="cs.qa.te.tests.NetworkForwarderToImporterPageTest" name="validateForwarderNetworkImporterInformation" time="116.355"/>
  <testcase classname="cs.qa.te.tests.NetworkForwarderToImporterPageTest" name="validateForwarderNetworkImporterStaff" time="116.641"/>
  <testcase classname="cs.qa.te.tests.NetworkForwarderToImporterPageTest" name="validateForwarderNetworkImporterNotesCertificate" time="151.954"/>
</testsuite> <!-- Validate Forwarder > Network > Importer Test1 -->
