<?xml version="1.0" encoding="UTF-8"?>
<!-- Generated by org.testng.reporters.JUnitXMLReporter -->
<testsuite ignored="7" hostname="Abhinandan-Banerjee" failures="25" tests="25" name="After Create Supply Navigate to the Negotiation Page Test" time="0.144" errors="0" timestamp="18 Aug 2021 04:40:37 GMT">
  <testcase classname="cs.qa.te.tests.SupplyPageTest" name="clickSupplyTabTest" time="0.002">
    <failure type="java.lang.NullPointerException" message="Cannot invoke &amp;quot;cs.qa.te.pages.SupplyPage.clickSupplyTab()&amp;quot; because &amp;quot;this.supplyPage&amp;quot; is null">
      <![CDATA[java.lang.NullPointerException: Cannot invoke "cs.qa.te.pages.SupplyPage.clickSupplyTab()" because "this.supplyPage" is null
at cs.qa.te.tests.SupplyPageTest.clickSupplyTabTest(SupplyPageTest.java:33)
... Removed 25 stack frames]]>
    </failure>
  </testcase> <!-- clickSupplyTabTest -->
  <testcase classname="cs.qa.te.tests.SupplyPageTest" name="addSupplyPageTest" time="0.002">
    <failure type="java.lang.NullPointerException" message="Cannot invoke &amp;quot;cs.qa.te.pages.SupplyPage.addSupplyPage()&amp;quot; because &amp;quot;this.supplyPage&amp;quot; is null">
      <![CDATA[java.lang.NullPointerException: Cannot invoke "cs.qa.te.pages.SupplyPage.addSupplyPage()" because "this.supplyPage" is null
at cs.qa.te.tests.SupplyPageTest.addSupplyPageTest(SupplyPageTest.java:38)
... Removed 25 stack frames]]>
    </failure>
  </testcase> <!-- addSupplyPageTest -->
  <testcase classname="cs.qa.te.tests.SupplyPageTest" name="sellerDetailsTest" time="0.001">
    <failure type="java.lang.NullPointerException" message="Cannot invoke &amp;quot;cs.qa.te.pages.SupplyPage.sellerDetails()&amp;quot; because &amp;quot;this.supplyPage&amp;quot; is null">
      <![CDATA[java.lang.NullPointerException: Cannot invoke "cs.qa.te.pages.SupplyPage.sellerDetails()" because "this.supplyPage" is null
at cs.qa.te.tests.SupplyPageTest.sellerDetailsTest(SupplyPageTest.java:44)
... Removed 25 stack frames]]>
    </failure>
  </testcase> <!-- sellerDetailsTest -->
  <testcase classname="cs.qa.te.tests.SupplyPageTest" name="offerTypetest" time="0.002">
    <failure type="java.lang.NullPointerException" message="Cannot invoke &amp;quot;cs.qa.te.pages.SupplyPage.offerType()&amp;quot; because &amp;quot;this.supplyPage&amp;quot; is null">
      <![CDATA[java.lang.NullPointerException: Cannot invoke "cs.qa.te.pages.SupplyPage.offerType()" because "this.supplyPage" is null
at cs.qa.te.tests.SupplyPageTest.offerTypetest(SupplyPageTest.java:51)
... Removed 25 stack frames]]>
    </failure>
  </testcase> <!-- offerTypetest -->
  <testcase classname="cs.qa.te.tests.SupplyPageTest" name="deliveryDetailsTest" time="0.001">
    <failure type="java.lang.NullPointerException" message="Cannot invoke &amp;quot;cs.qa.te.pages.SupplyPage.deliveryDetails()&amp;quot; because &amp;quot;this.supplyPage&amp;quot; is null">
      <![CDATA[java.lang.NullPointerException: Cannot invoke "cs.qa.te.pages.SupplyPage.deliveryDetails()" because "this.supplyPage" is null
at cs.qa.te.tests.SupplyPageTest.deliveryDetailsTest(SupplyPageTest.java:56)
... Removed 25 stack frames]]>
    </failure>
  </testcase> <!-- deliveryDetailsTest -->
  <testcase classname="cs.qa.te.tests.SupplyPageTest" name="paymentTermsTest" time="0.001">
    <failure type="java.lang.NullPointerException" message="Cannot invoke &amp;quot;cs.qa.te.pages.SupplyPage.paymentTerms()&amp;quot; because &amp;quot;this.supplyPage&amp;quot; is null">
      <![CDATA[java.lang.NullPointerException: Cannot invoke "cs.qa.te.pages.SupplyPage.paymentTerms()" because "this.supplyPage" is null
at cs.qa.te.tests.SupplyPageTest.paymentTermsTest(SupplyPageTest.java:63)
... Removed 25 stack frames]]>
    </failure>
  </testcase> <!-- paymentTermsTest -->
  <testcase classname="cs.qa.te.tests.SupplyPageTest" name="payementTermCADTest" time="0.002">
    <failure type="java.lang.NullPointerException" message="Cannot invoke &amp;quot;cs.qa.te.pages.SupplyPage.payementTermCAD()&amp;quot; because &amp;quot;this.supplyPage&amp;quot; is null">
      <![CDATA[java.lang.NullPointerException: Cannot invoke "cs.qa.te.pages.SupplyPage.payementTermCAD()" because "this.supplyPage" is null
at cs.qa.te.tests.SupplyPageTest.payementTermCADTest(SupplyPageTest.java:69)
... Removed 25 stack frames]]>
    </failure>
  </testcase> <!-- payementTermCADTest -->
  <testcase classname="cs.qa.te.tests.SupplyPageTest" name="visibilityTest" time="0.002">
    <failure type="java.lang.NullPointerException" message="Cannot invoke &amp;quot;cs.qa.te.pages.SupplyPage.visibility()&amp;quot; because &amp;quot;this.supplyPage&amp;quot; is null">
      <![CDATA[java.lang.NullPointerException: Cannot invoke "cs.qa.te.pages.SupplyPage.visibility()" because "this.supplyPage" is null
at cs.qa.te.tests.SupplyPageTest.visibilityTest(SupplyPageTest.java:74)
... Removed 25 stack frames]]>
    </failure>
  </testcase> <!-- visibilityTest -->
  <testcase classname="cs.qa.te.tests.SupplyPageTest" name="productDetailsTest" time="0.002">
    <failure type="java.lang.NullPointerException" message="Cannot invoke &amp;quot;cs.qa.te.pages.SupplyPage.productDetails()&amp;quot; because &amp;quot;this.supplyPage&amp;quot; is null">
      <![CDATA[java.lang.NullPointerException: Cannot invoke "cs.qa.te.pages.SupplyPage.productDetails()" because "this.supplyPage" is null
at cs.qa.te.tests.SupplyPageTest.productDetailsTest(SupplyPageTest.java:81)
... Removed 25 stack frames]]>
    </failure>
  </testcase> <!-- productDetailsTest -->
  <testcase classname="cs.qa.te.tests.SupplyPageTest" name="product1Test" time="0.002">
    <failure type="java.lang.NullPointerException" message="Cannot invoke &amp;quot;cs.qa.te.pages.SupplyPage.product1()&amp;quot; because &amp;quot;this.supplyPage&amp;quot; is null">
      <![CDATA[java.lang.NullPointerException: Cannot invoke "cs.qa.te.pages.SupplyPage.product1()" because "this.supplyPage" is null
at cs.qa.te.tests.SupplyPageTest.product1Test(SupplyPageTest.java:87)
... Removed 25 stack frames]]>
    </failure>
  </testcase> <!-- product1Test -->
  <testcase classname="cs.qa.te.tests.SupplyPageTest" name="submitTest" time="0.002">
    <failure type="java.lang.NullPointerException" message="Cannot invoke &amp;quot;cs.qa.te.pages.SupplyPage.submit()&amp;quot; because &amp;quot;this.supplyPage&amp;quot; is null">
      <![CDATA[java.lang.NullPointerException: Cannot invoke "cs.qa.te.pages.SupplyPage.submit()" because "this.supplyPage" is null
at cs.qa.te.tests.SupplyPageTest.submitTest(SupplyPageTest.java:92)
... Removed 25 stack frames]]>
    </failure>
  </testcase> <!-- submitTest -->
  <testcase classname="cs.qa.te.tests.SupplyPageTest" name="getSuccessMSGTest" time="0.001">
    <failure type="java.lang.NullPointerException" message="Cannot invoke &amp;quot;cs.qa.te.pages.SupplyPage.getSuccessMSG()&amp;quot; because &amp;quot;this.supplyPage&amp;quot; is null">
      <![CDATA[java.lang.NullPointerException: Cannot invoke "cs.qa.te.pages.SupplyPage.getSuccessMSG()" because "this.supplyPage" is null
at cs.qa.te.tests.SupplyPageTest.getSuccessMSGTest(SupplyPageTest.java:98)
... Removed 25 stack frames]]>
    </failure>
  </testcase> <!-- getSuccessMSGTest -->
  <testcase classname="cs.qa.te.tests.SupplyPageTest" name="getSupplyIDTest" time="0.001">
    <failure type="java.lang.NullPointerException" message="Cannot invoke &amp;quot;cs.qa.te.pages.SupplyPage.getSupplyID()&amp;quot; because &amp;quot;this.supplyPage&amp;quot; is null">
      <![CDATA[java.lang.NullPointerException: Cannot invoke "cs.qa.te.pages.SupplyPage.getSupplyID()" because "this.supplyPage" is null
at cs.qa.te.tests.SupplyPageTest.getSupplyIDTest(SupplyPageTest.java:106)
... Removed 25 stack frames]]>
    </failure>
  </testcase> <!-- getSupplyIDTest -->
  <testcase classname="cs.qa.te.tests.SupplyPageTest" name="profileLogOutTest" time="0.002">
    <failure type="java.lang.NullPointerException" message="Cannot invoke &amp;quot;cs.qa.te.pages.SupplyPage.profileLogOut()&amp;quot; because &amp;quot;this.supplyPage&amp;quot; is null">
      <![CDATA[java.lang.NullPointerException: Cannot invoke "cs.qa.te.pages.SupplyPage.profileLogOut()" because "this.supplyPage" is null
at cs.qa.te.tests.SupplyPageTest.profileLogOutTest(SupplyPageTest.java:111)
... Removed 25 stack frames]]>
    </failure>
  </testcase> <!-- profileLogOutTest -->
  <testcase classname="cs.qa.te.tests.SupplyPageTest" name="importerLoginTest" time="0.002">
    <failure type="java.lang.NullPointerException" message="Cannot invoke &amp;quot;cs.qa.te.pages.LoginPage.clickLogin()&amp;quot; because &amp;quot;this.loginPage&amp;quot; is null">
      <![CDATA[java.lang.NullPointerException: Cannot invoke "cs.qa.te.pages.LoginPage.clickLogin()" because "this.loginPage" is null
at cs.qa.te.tests.SupplyPageTest.importerLoginTest(SupplyPageTest.java:118)
... Removed 25 stack frames]]>
    </failure>
  </testcase> <!-- importerLoginTest -->
  <testcase classname="cs.qa.te.tests.SupplyPageTest" name="importerNavigateSupplyPage" time="0.001">
    <failure type="java.lang.NullPointerException" message="Cannot invoke &amp;quot;cs.qa.te.pages.SupplyPage.importerNavigateSupplyPage()&amp;quot; because &amp;quot;this.supplyPage&amp;quot; is null">
      <![CDATA[java.lang.NullPointerException: Cannot invoke "cs.qa.te.pages.SupplyPage.importerNavigateSupplyPage()" because "this.supplyPage" is null
at cs.qa.te.tests.SupplyPageTest.importerNavigateSupplyPage(SupplyPageTest.java:126)
... Removed 25 stack frames]]>
    </failure>
  </testcase> <!-- importerNavigateSupplyPage -->
  <testcase classname="cs.qa.te.tests.SupplyPageTest" name="importerGetSupplyDealIDTest" time="0.001">
    <failure type="java.lang.NullPointerException" message="Cannot invoke &amp;quot;cs.qa.te.pages.SupplyPage.importerGetSupplyDealID()&amp;quot; because &amp;quot;this.supplyPage&amp;quot; is null">
      <![CDATA[java.lang.NullPointerException: Cannot invoke "cs.qa.te.pages.SupplyPage.importerGetSupplyDealID()" because "this.supplyPage" is null
at cs.qa.te.tests.SupplyPageTest.importerGetSupplyDealIDTest(SupplyPageTest.java:132)
... Removed 25 stack frames]]>
    </failure>
  </testcase> <!-- importerGetSupplyDealIDTest -->
  <testcase classname="cs.qa.te.tests.SupplyPageTest" name="importerOpenSupplyDealTest" time="0.001">
    <failure type="java.lang.NullPointerException" message="Cannot invoke &amp;quot;cs.qa.te.pages.SupplyPage.importerOpenSupplyDeal()&amp;quot; because &amp;quot;this.supplyPage&amp;quot; is null">
      <![CDATA[java.lang.NullPointerException: Cannot invoke "cs.qa.te.pages.SupplyPage.importerOpenSupplyDeal()" because "this.supplyPage" is null
at cs.qa.te.tests.SupplyPageTest.importerOpenSupplyDealTest(SupplyPageTest.java:139)
... Removed 25 stack frames]]>
    </failure>
  </testcase> <!-- importerOpenSupplyDealTest -->
  <testcase classname="cs.qa.te.tests.SupplyPageTest" name="importerSupplyDealChangeDateTest" time="0.002">
    <failure type="java.lang.NullPointerException" message="Cannot invoke &amp;quot;cs.qa.te.pages.SupplyPage.importerSupplyDealChangeDate()&amp;quot; because &amp;quot;this.supplyPage&amp;quot; is null">
      <![CDATA[java.lang.NullPointerException: Cannot invoke "cs.qa.te.pages.SupplyPage.importerSupplyDealChangeDate()" because "this.supplyPage" is null
at cs.qa.te.tests.SupplyPageTest.importerSupplyDealChangeDateTest(SupplyPageTest.java:147)
... Removed 25 stack frames]]>
    </failure>
  </testcase> <!-- importerSupplyDealChangeDateTest -->
  <testcase classname="cs.qa.te.tests.SupplyPageTest" name="importerDimensionAndTableTest" time="0.002">
    <failure type="java.lang.NullPointerException" message="Cannot invoke &amp;quot;cs.qa.te.pages.SupplyPage.importerDimensionAndTable()&amp;quot; because &amp;quot;this.supplyPage&amp;quot; is null">
      <![CDATA[java.lang.NullPointerException: Cannot invoke "cs.qa.te.pages.SupplyPage.importerDimensionAndTable()" because "this.supplyPage" is null
at cs.qa.te.tests.SupplyPageTest.importerDimensionAndTableTest(SupplyPageTest.java:154)
... Removed 25 stack frames]]>
    </failure>
  </testcase> <!-- importerDimensionAndTableTest -->
  <testcase classname="cs.qa.te.tests.SupplyPageTest" name="importerProfileLogOutTest" time="0.001">
    <failure type="java.lang.NullPointerException" message="Cannot invoke &amp;quot;cs.qa.te.pages.SupplyPage.profileLogOut()&amp;quot; because &amp;quot;this.supplyPage&amp;quot; is null">
      <![CDATA[java.lang.NullPointerException: Cannot invoke "cs.qa.te.pages.SupplyPage.profileLogOut()" because "this.supplyPage" is null
at cs.qa.te.tests.SupplyPageTest.importerProfileLogOutTest(SupplyPageTest.java:159)
... Removed 25 stack frames]]>
    </failure>
  </testcase> <!-- importerProfileLogOutTest -->
  <testcase classname="cs.qa.te.tests.SupplyPageTest" name="supplierLoginTest" time="0.002">
    <failure type="java.lang.NullPointerException" message="Cannot invoke &amp;quot;cs.qa.te.pages.LoginPage.clickLogin()&amp;quot; because &amp;quot;this.loginPage&amp;quot; is null">
      <![CDATA[java.lang.NullPointerException: Cannot invoke "cs.qa.te.pages.LoginPage.clickLogin()" because "this.loginPage" is null
at cs.qa.te.tests.SupplyPageTest.supplierLoginTest(SupplyPageTest.java:166)
... Removed 25 stack frames]]>
    </failure>
  </testcase> <!-- supplierLoginTest -->
  <testcase classname="cs.qa.te.tests.SupplyPageTest" name="supplierNavigateSupplyPageTest" time="0.002">
    <failure type="java.lang.NullPointerException" message="Cannot invoke &amp;quot;cs.qa.te.pages.SupplyPage.supplierNavigateSupplyPage()&amp;quot; because &amp;quot;this.supplyPage&amp;quot; is null">
      <![CDATA[java.lang.NullPointerException: Cannot invoke "cs.qa.te.pages.SupplyPage.supplierNavigateSupplyPage()" because "this.supplyPage" is null
at cs.qa.te.tests.SupplyPageTest.supplierNavigateSupplyPageTest(SupplyPageTest.java:174)
... Removed 25 stack frames]]>
    </failure>
  </testcase> <!-- supplierNavigateSupplyPageTest -->
  <testcase classname="cs.qa.te.tests.SupplyPageTest" name="supplierClickSupplyTabTest" time="0.001">
    <failure type="java.lang.NullPointerException" message="Cannot invoke &amp;quot;cs.qa.te.pages.SupplyPage.clickSupplyTab()&amp;quot; because &amp;quot;this.supplyPage&amp;quot; is null">
      <![CDATA[java.lang.NullPointerException: Cannot invoke "cs.qa.te.pages.SupplyPage.clickSupplyTab()" because "this.supplyPage" is null
at cs.qa.te.tests.SupplyPageTest.supplierClickSupplyTabTest(SupplyPageTest.java:179)
... Removed 25 stack frames]]>
    </failure>
  </testcase> <!-- supplierClickSupplyTabTest -->
  <testcase classname="cs.qa.te.tests.SupplyPageTest" name="supplierApproveAndProceedTest" time="0.001">
    <failure type="java.lang.NullPointerException" message="Cannot invoke &amp;quot;cs.qa.te.pages.SupplyPage.supplierApproveAndProceed()&amp;quot; because &amp;quot;this.supplyPage&amp;quot; is null">
      <![CDATA[java.lang.NullPointerException: Cannot invoke "cs.qa.te.pages.SupplyPage.supplierApproveAndProceed()" because "this.supplyPage" is null
at cs.qa.te.tests.SupplyPageTest.supplierApproveAndProceedTest(SupplyPageTest.java:185)
... Removed 25 stack frames]]>
    </failure>
  </testcase> <!-- supplierApproveAndProceedTest -->
  <testcase classname="cs.qa.te.tests.SupplyPageTest" name="dealPopUpFreightTest" time="0.0">
    <ignored/>
  </testcase> <!-- dealPopUpFreightTest -->
  <testcase classname="cs.qa.te.tests.SupplyPageTest" name="getSupplierDealPopUpContractAndLogInfoTest" time="0.0">
    <ignored/>
  </testcase> <!-- getSupplierDealPopUpContractAndLogInfoTest -->
  <testcase classname="cs.qa.te.tests.SupplyPageTest" name="navigateSupplyPageTest" time="0.0">
    <ignored/>
  </testcase> <!-- navigateSupplyPageTest -->
  <testcase classname="cs.qa.te.tests.SupplyPageTest" name="navigateToContratctTest" time="0.0">
    <ignored/>
  </testcase> <!-- navigateToContratctTest -->
  <testcase classname="cs.qa.te.tests.SupplyPageTest" name="importerNavigateLogTest" time="0.0">
    <ignored/>
  </testcase> <!-- importerNavigateLogTest -->
  <testcase classname="cs.qa.te.tests.SupplyPageTest" name="navigateNegotiationsDealPopupTest" time="0.0">
    <ignored/>
  </testcase> <!-- navigateNegotiationsDealPopupTest -->
  <testcase classname="cs.qa.te.tests.SupplyPageTest" name="importerNavigateContractTest" time="0.0">
    <ignored/>
  </testcase> <!-- importerNavigateContractTest -->
</testsuite> <!-- After Create Supply Navigate to the Negotiation Page Test -->
