<?xml version="1.0" encoding="UTF-8"?>
<testng-results ignored="0" total="1" passed="1" failed="0" skipped="0">
  <reporter-output>
  </reporter-output>
  <suite started-at="2023-01-16T17:34:45Z" name="Default suite" finished-at="2023-01-16T17:36:07Z" duration-ms="81719">
    <groups>
    </groups>
    <test started-at="2023-01-16T17:34:45Z" name="Default test" finished-at="2023-01-16T17:36:07Z" duration-ms="81719">
      <class name="cs.qa.te.tests.LoginPageTest">
        <test-method is-config="true" signature="setUp()[pri:0, instance:cs.qa.te.tests.LoginPageTest@1e730495]" started-at="2023-01-16T17:34:45Z" name="setUp" finished-at="2023-01-16T17:34:59Z" duration-ms="14420" status="PASS">
          <reporter-output>
          </reporter-output>
        </test-method> <!-- setUp -->
        <test-method is-config="true" signature="clickToLoginLink()[pri:0, instance:cs.qa.te.tests.LoginPageTest@1e730495]" started-at="2023-01-16T17:34:59Z" name="clickToLoginLink" finished-at="2023-01-16T17:36:06Z" duration-ms="66553" status="PASS">
          <reporter-output>
          </reporter-output>
        </test-method> <!-- clickToLoginLink -->
        <test-method signature="changeLanguageTest()[pri:0, instance:cs.qa.te.tests.LoginPageTest@1e730495]" started-at="2023-01-16T17:36:06Z" name="changeLanguageTest" finished-at="2023-01-16T17:36:06Z" duration-ms="568" status="PASS">
          <reporter-output>
          </reporter-output>
        </test-method> <!-- changeLanguageTest -->
        <test-method is-config="true" signature="tearDown()[pri:0, instance:cs.qa.te.tests.LoginPageTest@1e730495]" started-at="2023-01-16T17:36:06Z" name="tearDown" finished-at="2023-01-16T17:36:07Z" duration-ms="165" status="PASS">
          <reporter-output>
          </reporter-output>
        </test-method> <!-- tearDown -->
      </class> <!-- cs.qa.te.tests.LoginPageTest -->
    </test> <!-- Default test -->
  </suite> <!-- Default suite -->
</testng-results>
