<?xml version="1.0" encoding="UTF-8"?>
<testng-results ignored="0" total="1" passed="1" failed="0" skipped="0">
  <reporter-output>
  </reporter-output>
  <suite started-at="2023-01-15T11:21:03Z" name="Default suite" finished-at="2023-01-15T11:21:42Z" duration-ms="38608">
    <groups>
    </groups>
    <test started-at="2023-01-15T11:21:03Z" name="Default test" finished-at="2023-01-15T11:21:42Z" duration-ms="38608">
      <class name="cs.qa.te.tests.LoginPageTest">
        <test-method is-config="true" signature="setUp()[pri:0, instance:cs.qa.te.tests.LoginPageTest@1e730495]" started-at="2023-01-15T11:21:03Z" name="setUp" finished-at="2023-01-15T11:21:15Z" duration-ms="11650" status="PASS">
          <reporter-output>
          </reporter-output>
        </test-method> <!-- setUp -->
        <test-method is-config="true" signature="clickToLoginLink()[pri:0, instance:cs.qa.te.tests.LoginPageTest@1e730495]" started-at="2023-01-15T11:21:15Z" name="clickToLoginLink" finished-at="2023-01-15T11:21:40Z" duration-ms="25174" status="PASS">
          <reporter-output>
          </reporter-output>
        </test-method> <!-- clickToLoginLink -->
        <test-method signature="changeLanguageTest()[pri:0, instance:cs.qa.te.tests.LoginPageTest@1e730495]" started-at="2023-01-15T11:21:40Z" name="changeLanguageTest" finished-at="2023-01-15T11:21:42Z" duration-ms="1638" status="PASS">
          <reporter-output>
          </reporter-output>
        </test-method> <!-- changeLanguageTest -->
        <test-method is-config="true" signature="tearDown()[pri:0, instance:cs.qa.te.tests.LoginPageTest@1e730495]" started-at="2023-01-15T11:21:42Z" name="tearDown" finished-at="2023-01-15T11:21:42Z" duration-ms="133" status="PASS">
          <reporter-output>
          </reporter-output>
        </test-method> <!-- tearDown -->
      </class> <!-- cs.qa.te.tests.LoginPageTest -->
    </test> <!-- Default test -->
  </suite> <!-- Default suite -->
</testng-results>
