<?xml version="1.0" encoding="UTF-8"?>
<!-- Generated by org.testng.reporters.JUnitXMLReporter -->
<testsuite ignored="4" hostname="Abhinandan-Banerjee" failures="0" tests="8" name="RegisPage Test2" time="95.024" errors="0" timestamp="20 Jul 2021 11:36:38 GMT">
  <testcase classname="cs.qa.te.tests.RegistrationPageTest" name="changeLanguageTest" time="8.062"/>
  <testcase classname="cs.qa.te.tests.RegistrationPageTest" name="registerHighlightedTitleTextTest" time="0.144"/>
  <testcase classname="cs.qa.te.tests.RegistrationPageTest" name="getRegistrationFieldstextTest" time="0.481"/>
  <testcase classname="cs.qa.te.tests.RegistrationPageTest" name="placeholderTextTest" time="0.284"/>
  <testcase classname="cs.qa.te.tests.RegistrationPageTest" name="getDropFileTextTest" time="0.114"/>
  <testcase classname="cs.qa.te.tests.RegistrationPageTest" name="getPolicyCheckboxTextTest" time="0.075"/>
  <testcase classname="cs.qa.te.tests.RegistrationPageTest" name="getSubmitTextTest" time="0.066"/>
  <testcase classname="cs.qa.te.tests.RegistrationPageTest" name="getSubscribeNewsLetterTextTest" time="0.094"/>
  <testcase classname="cs.qa.te.tests.RegistrationPageTest" name="selectPositionTest" time="0.0">
    <ignored/>
  </testcase> <!-- selectPositionTest -->
  <testcase classname="cs.qa.te.tests.RegistrationPageTest" name="clickToUploadFileTest" time="0.0">
    <ignored/>
  </testcase> <!-- clickToUploadFileTest -->
  <testcase classname="cs.qa.te.tests.RegistrationPageTest" name="submitTest" time="0.0">
    <ignored/>
  </testcase> <!-- submitTest -->
  <testcase classname="cs.qa.te.tests.RegistrationPageTest" name="fillRegistrationDataTest" time="0.0">
    <ignored/>
  </testcase> <!-- fillRegistrationDataTest -->
</testsuite> <!-- RegisPage Test2 -->
