<?xml version="1.0" encoding="UTF-8"?>
<!-- Generated by org.testng.reporters.JUnitXMLReporter -->
<testsuite ignored="8" hostname="Abhinandan-Banerjee" failures="0" tests="7" name="SupplyPage Test" time="337.478" errors="0" timestamp="23 Aug 2021 15:35:03 GMT">
  <testcase classname="cs.qa.te.tests.SupplyPageTest" name="createSupplyOfferTest" time="79.792"/>
  <testcase classname="cs.qa.te.tests.SupplyPageTest" name="importerBidForSupplyOffer" time="59.947"/>
  <testcase classname="cs.qa.te.tests.SupplyPageTest" name="supplierAcceptImporterBidOffer" time="46.464"/>
  <testcase classname="cs.qa.te.tests.SupplyPageTest" name="navigateNegotiationsDealPopupAndSelectFreightTest" time="44.489"/>
  <testcase classname="cs.qa.te.tests.SupplyPageTest" name="getSupplierDealPopUpContractInfoTest" time="69.241"/>
  <testcase classname="cs.qa.te.tests.SupplyPageTest" name="getSupplierDealPopUpLogInfoTest" time="1.517"/>
  <testcase classname="cs.qa.te.tests.SupplyPageTest" name="getSupplierDealPopUpProcessInfoTest" time="1.841"/>
  <testcase classname="cs.qa.te.tests.SupplyPageTest" name="ForwarderNavigateDealPopUpFreightTest" time="0.0">
    <ignored/>
  </testcase> <!-- ForwarderNavigateDealPopUpFreightTest -->
  <testcase classname="cs.qa.te.tests.SupplyPageTest" name="dealPopUpFreightTest" time="0.0">
    <ignored/>
  </testcase> <!-- dealPopUpFreightTest -->
  <testcase classname="cs.qa.te.tests.SupplyPageTest" name="supplierLogoutImporterLogIn" time="0.0">
    <ignored/>
  </testcase> <!-- supplierLogoutImporterLogIn -->
  <testcase classname="cs.qa.te.tests.SupplyPageTest" name="importerNavigateProcessTest" time="0.0">
    <ignored/>
  </testcase> <!-- importerNavigateProcessTest -->
  <testcase classname="cs.qa.te.tests.SupplyPageTest" name="importerNavigateLogTest" time="0.0">
    <ignored/>
  </testcase> <!-- importerNavigateLogTest -->
  <testcase classname="cs.qa.te.tests.SupplyPageTest" name="ForwarderNavigateDealPopUpContractsTest" time="0.0">
    <ignored/>
  </testcase> <!-- ForwarderNavigateDealPopUpContractsTest -->
  <testcase classname="cs.qa.te.tests.SupplyPageTest" name="ForwarderNavigateNegotiationDealPopUpPage" time="0.0">
    <ignored/>
  </testcase> <!-- ForwarderNavigateNegotiationDealPopUpPage -->
  <testcase classname="cs.qa.te.tests.SupplyPageTest" name="importerNavigateContractTest" time="0.0">
    <ignored/>
  </testcase> <!-- importerNavigateContractTest -->
</testsuite> <!-- SupplyPage Test -->
