<?xml version="1.0" encoding="UTF-8"?>
<!-- Generated by org.testng.reporters.JUnitXMLReporter -->
<testsuite ignored="12" hostname="Abhinandan-Banerjee" failures="0" tests="3" name="SupplyPage Test1" time="114.439" errors="0" timestamp="23 Aug 2021 15:38:08 GMT">
  <testcase classname="cs.qa.te.tests.SupplyPageTest" name="ForwarderNavigateNegotiationDealPopUpPage" time="34.901"/>
  <testcase classname="cs.qa.te.tests.SupplyPageTest" name="ForwarderNavigateDealPopUpFreightTest" time="14.385"/>
  <testcase classname="cs.qa.te.tests.SupplyPageTest" name="ForwarderNavigateDealPopUpContractsTest" time="35.445"/>
  <testcase classname="cs.qa.te.tests.SupplyPageTest" name="getSupplierDealPopUpLogInfoTest" time="0.0">
    <ignored/>
  </testcase> <!-- getSupplierDealPopUpLogInfoTest -->
  <testcase classname="cs.qa.te.tests.SupplyPageTest" name="dealPopUpFreightTest" time="0.0">
    <ignored/>
  </testcase> <!-- dealPopUpFreightTest -->
  <testcase classname="cs.qa.te.tests.SupplyPageTest" name="supplierLogoutImporterLogIn" time="0.0">
    <ignored/>
  </testcase> <!-- supplierLogoutImporterLogIn -->
  <testcase classname="cs.qa.te.tests.SupplyPageTest" name="importerNavigateProcessTest" time="0.0">
    <ignored/>
  </testcase> <!-- importerNavigateProcessTest -->
  <testcase classname="cs.qa.te.tests.SupplyPageTest" name="navigateNegotiationsDealPopupAndSelectFreightTest" time="0.0">
    <ignored/>
  </testcase> <!-- navigateNegotiationsDealPopupAndSelectFreightTest -->
  <testcase classname="cs.qa.te.tests.SupplyPageTest" name="importerNavigateLogTest" time="0.0">
    <ignored/>
  </testcase> <!-- importerNavigateLogTest -->
  <testcase classname="cs.qa.te.tests.SupplyPageTest" name="createSupplyOfferTest" time="0.0">
    <ignored/>
  </testcase> <!-- createSupplyOfferTest -->
  <testcase classname="cs.qa.te.tests.SupplyPageTest" name="getSupplierDealPopUpProcessInfoTest" time="0.0">
    <ignored/>
  </testcase> <!-- getSupplierDealPopUpProcessInfoTest -->
  <testcase classname="cs.qa.te.tests.SupplyPageTest" name="importerBidForSupplyOffer" time="0.0">
    <ignored/>
  </testcase> <!-- importerBidForSupplyOffer -->
  <testcase classname="cs.qa.te.tests.SupplyPageTest" name="getSupplierDealPopUpContractInfoTest" time="0.0">
    <ignored/>
  </testcase> <!-- getSupplierDealPopUpContractInfoTest -->
  <testcase classname="cs.qa.te.tests.SupplyPageTest" name="importerNavigateContractTest" time="0.0">
    <ignored/>
  </testcase> <!-- importerNavigateContractTest -->
  <testcase classname="cs.qa.te.tests.SupplyPageTest" name="supplierAcceptImporterBidOffer" time="0.0">
    <ignored/>
  </testcase> <!-- supplierAcceptImporterBidOffer -->
</testsuite> <!-- SupplyPage Test1 -->
